<?xml version="1.0" encoding="UTF-8"?>
<testng-results ignored="0" total="1" passed="1" failed="0" skipped="0">
  <reporter-output>
  </reporter-output>
  <suite started-at="2024-11-13T22:27:06 IST" name="Suite" finished-at="2024-11-13T22:29:07 IST" duration-ms="121618">
    <groups>
    </groups>
    <test started-at="2024-11-13T22:27:06 IST" name="Amazon_Test" finished-at="2024-11-13T22:29:07 IST" duration-ms="121618">
      <class name="test_amzn.TestCase05">
        <test-method is-config="true" signature="Launch()[pri:0, instance:test_amzn.TestCase05@2e6a8155]" started-at="2024-11-13T22:27:06 IST" name="Launch" finished-at="2024-11-13T22:27:30 IST" duration-ms="24463" status="PASS">
          <reporter-output>
          </reporter-output>
        </test-method> <!-- Launch -->
        <test-method signature="Login_To_Amazon_Search_WishList_Cart_Remove_From_Cart_WIshList_LogOut()[pri:0, instance:test_amzn.TestCase05@2e6a8155]" started-at="2024-11-13T22:27:30 IST" name="Login_To_Amazon_Search_WishList_Cart_Remove_From_Cart_WIshList_LogOut" finished-at="2024-11-13T22:29:07 IST" duration-ms="96729" status="PASS">
          <reporter-output>
          </reporter-output>
        </test-method> <!-- Login_To_Amazon_Search_WishList_Cart_Remove_From_Cart_WIshList_LogOut -->
        <test-method is-config="true" signature="Quit()[pri:0, instance:test_amzn.TestCase05@2e6a8155]" started-at="2024-11-13T22:29:07 IST" name="Quit" finished-at="2024-11-13T22:29:07 IST" duration-ms="351" status="PASS">
          <reporter-output>
          </reporter-output>
        </test-method> <!-- Quit -->
      </class> <!-- test_amzn.TestCase05 -->
    </test> <!-- Amazon_Test -->
  </suite> <!-- Suite -->
</testng-results>
